<?xml version="1.0" encoding="UTF-8"?>
<!-- Generated by org.testng.reporters.JUnitReportReporter -->
<testsuite hostname="DESKTOP-0BA81CB" failures="0" tests="1" name="testngproject.Jenkins.Deletingaccount" time="10.496" errors="0" timestamp="2025-07-30T22:39:47 SGT" skipped="0">
  <testcase classname="testngproject.Jenkins.Deletingaccount" name="eraseaccount" time="10.496"/>
</testsuite> <!-- testngproject.Jenkins.Deletingaccount -->
