<?xml version="1.0" encoding="UTF-8"?>
<!-- Generated by org.testng.reporters.JUnitReportReporter -->
<testsuite hostname="DESKTOP-0BA81CB" failures="0" tests="1" name="Groups.Deletingaccount" time="27.233" errors="0" timestamp="2025-07-30T22:45:14 SGT" skipped="0">
  <testcase classname="Groups.Deletingaccount" name="eraseaccount" time="27.233"/>
</testsuite> <!-- Groups.Deletingaccount -->
